mode: set
sirclo/project-capstone/controller/service/officeService/office.go:12.89,16.2 1 1
sirclo/project-capstone/controller/service/officeService/office.go:18.72,21.2 2 1
sirclo/project-capstone/controller/service/logcatService/logcat.go:14.91,18.2 1 1
sirclo/project-capstone/controller/service/logcatService/logcat.go:20.105,29.2 7 1
sirclo/project-capstone/controller/service/logcatService/logcat.go:31.72,34.2 2 1
sirclo/project-capstone/controller/service/logcatService/logcat.go:36.88,39.2 2 1
sirclo/project-capstone/controller/service/certificateService/certificate.go:16.105,20.2 1 1
sirclo/project-capstone/controller/service/certificateService/certificate.go:22.107,25.2 2 1
sirclo/project-capstone/controller/service/certificateService/certificate.go:27.98,30.2 2 1
sirclo/project-capstone/controller/service/certificateService/certificate.go:32.108,35.2 2 1
sirclo/project-capstone/controller/service/certificateService/certificate.go:37.85,40.2 2 1
sirclo/project-capstone/controller/service/certificateService/certificate.go:42.80,45.2 2 1
sirclo/project-capstone/controller/service/certificateService/certificate.go:47.163,59.2 10 1
sirclo/project-capstone/controller/service/certificateService/certificate.go:61.173,63.19 2 1
sirclo/project-capstone/controller/service/certificateService/certificate.go:67.2,73.31 6 1
sirclo/project-capstone/controller/service/certificateService/certificate.go:63.19,65.3 1 1
sirclo/project-capstone/controller/service/attendanceService/attendance.go:18.144,23.2 1 1
sirclo/project-capstone/controller/service/attendanceService/attendance.go:25.87,28.2 2 1
sirclo/project-capstone/controller/service/attendanceService/attendance.go:30.162,33.21 2 1
sirclo/project-capstone/controller/service/attendanceService/attendance.go:36.2,36.19 1 1
sirclo/project-capstone/controller/service/attendanceService/attendance.go:40.2,41.25 2 1
sirclo/project-capstone/controller/service/attendanceService/attendance.go:33.21,35.3 1 1
sirclo/project-capstone/controller/service/attendanceService/attendance.go:36.19,38.3 1 1
sirclo/project-capstone/controller/service/attendanceService/attendance.go:44.127,47.2 2 1
sirclo/project-capstone/controller/service/attendanceService/attendance.go:49.84,52.2 2 1
sirclo/project-capstone/controller/service/attendanceService/attendance.go:54.144,62.2 6 1
sirclo/project-capstone/controller/service/attendanceService/attendance.go:64.144,74.2 7 1
sirclo/project-capstone/controller/service/dayService/day.go:16.123,21.2 1 1
sirclo/project-capstone/controller/service/dayService/day.go:23.88,26.2 2 1
sirclo/project-capstone/controller/service/dayService/day.go:28.72,31.2 2 1
sirclo/project-capstone/controller/service/dayService/day.go:33.94,42.2 6 1
sirclo/project-capstone/controller/service/checkInsOutsService/checkinsouts.go:16.105,20.2 1 1
sirclo/project-capstone/controller/service/checkInsOutsService/checkinsouts.go:22.72,25.2 2 1
sirclo/project-capstone/controller/service/checkInsOutsService/checkinsouts.go:27.90,30.2 2 1
sirclo/project-capstone/controller/service/checkInsOutsService/checkinsouts.go:32.97,35.2 2 1
sirclo/project-capstone/controller/service/checkInsOutsService/checkinsouts.go:37.80,40.2 2 1
sirclo/project-capstone/controller/service/checkInsOutsService/checkinsouts.go:42.114,54.2 10 1
sirclo/project-capstone/controller/service/checkInsOutsService/checkinsouts.go:56.131,65.2 7 1
sirclo/project-capstone/controller/service/userService/user.go:18.81,22.2 1 1
sirclo/project-capstone/controller/service/userService/user.go:24.102,30.16 5 1
sirclo/project-capstone/controller/service/userService/user.go:34.2,35.18 2 1
sirclo/project-capstone/controller/service/userService/user.go:30.16,32.3 1 1
sirclo/project-capstone/controller/service/userService/user.go:38.70,41.2 2 1
sirclo/project-capstone/controller/service/userService/user.go:43.97,60.2 15 1
sirclo/project-capstone/controller/service/userService/user.go:62.108,64.16 2 1
sirclo/project-capstone/controller/service/userService/user.go:68.2,77.24 9 1
sirclo/project-capstone/controller/service/userService/user.go:64.16,66.3 1 1
sirclo/project-capstone/controller/service/userService/user.go:80.75,82.23 2 1
sirclo/project-capstone/controller/service/userService/user.go:85.2,90.12 5 1
sirclo/project-capstone/controller/service/userService/user.go:82.23,84.3 1 1
